  ShapeMeshes.cpp
D:\CS330 FINAL FINAL PROJECT\CS330Content2025\3DShapes\ShapeMeshes.cpp(151,18): warning C4244: 'initializing': conversion from 'double' to 'float', possible loss of data
D:\CS330 FINAL FINAL PROJECT\CS330Content2025\3DShapes\ShapeMeshes.cpp(219,18): warning C4244: 'initializing': conversion from 'double' to 'float', possible loss of data
D:\CS330 FINAL FINAL PROJECT\CS330Content2025\3DShapes\ShapeMeshes.cpp(593,15): warning C4244: 'initializing': conversion from 'double' to 'float', possible loss of data
D:\CS330 FINAL FINAL PROJECT\CS330Content2025\3DShapes\ShapeMeshes.cpp(599,14): warning C4244: 'initializing': conversion from 'double' to 'float', possible loss of data
D:\CS330 FINAL FINAL PROJECT\CS330Content2025\3DShapes\ShapeMeshes.cpp(770,22): warning C4305: 'initializing': truncation from 'double' to 'GLfloat'
D:\CS330 FINAL FINAL PROJECT\CS330Content2025\3DShapes\ShapeMeshes.cpp(771,22): warning C4305: 'initializing': truncation from 'double' to 'GLfloat'
D:\CS330 FINAL FINAL PROJECT\CS330Content2025\3DShapes\ShapeMeshes.cpp(772,24): warning C4305: 'initializing': truncation from 'double' to 'GLfloat'
D:\CS330 FINAL FINAL PROJECT\CS330Content2025\3DShapes\ShapeMeshes.cpp(772,58): warning C4305: 'initializing': truncation from 'double' to 'GLfloat'
D:\CS330 FINAL FINAL PROJECT\CS330Content2025\3DShapes\ShapeMeshes.cpp(773,22): warning C4305: 'initializing': truncation from 'double' to 'GLfloat'
D:\CS330 FINAL FINAL PROJECT\CS330Content2025\3DShapes\ShapeMeshes.cpp(774,24): warning C4305: 'initializing': truncation from 'double' to 'GLfloat'
D:\CS330 FINAL FINAL PROJECT\CS330Content2025\3DShapes\ShapeMeshes.cpp(774,59): warning C4305: 'initializing': truncation from 'double' to 'GLfloat'
D:\CS330 FINAL FINAL PROJECT\CS330Content2025\3DShapes\ShapeMeshes.cpp(775,24): warning C4305: 'initializing': truncation from 'double' to 'GLfloat'
D:\CS330 FINAL FINAL PROJECT\CS330Content2025\3DShapes\ShapeMeshes.cpp(775,58): warning C4305: 'initializing': truncation from 'double' to 'GLfloat'
D:\CS330 FINAL FINAL PROJECT\CS330Content2025\3DShapes\ShapeMeshes.cpp(776,59): warning C4305: 'initializing': truncation from 'double' to 'GLfloat'
D:\CS330 FINAL FINAL PROJECT\CS330Content2025\3DShapes\ShapeMeshes.cpp(777,59): warning C4305: 'initializing': truncation from 'double' to 'GLfloat'
D:\CS330 FINAL FINAL PROJECT\CS330Content2025\3DShapes\ShapeMeshes.cpp(778,59): warning C4305: 'initializing': truncation from 'double' to 'GLfloat'
D:\CS330 FINAL FINAL PROJECT\CS330Content2025\3DShapes\ShapeMeshes.cpp(779,59): warning C4305: 'initializing': truncation from 'double' to 'GLfloat'
D:\CS330 FINAL FINAL PROJECT\CS330Content2025\3DShapes\ShapeMeshes.cpp(780,58): warning C4305: 'initializing': truncation from 'double' to 'GLfloat'
D:\CS330 FINAL FINAL PROJECT\CS330Content2025\3DShapes\ShapeMeshes.cpp(781,59): warning C4305: 'initializing': truncation from 'double' to 'GLfloat'
D:\CS330 FINAL FINAL PROJECT\CS330Content2025\3DShapes\ShapeMeshes.cpp(782,59): warning C4305: 'initializing': truncation from 'double' to 'GLfloat'
D:\CS330 FINAL FINAL PROJECT\CS330Content2025\3DShapes\ShapeMeshes.cpp(783,58): warning C4305: 'initializing': truncation from 'double' to 'GLfloat'
D:\CS330 FINAL FINAL PROJECT\CS330Content2025\3DShapes\ShapeMeshes.cpp(784,59): warning C4305: 'initializing': truncation from 'double' to 'GLfloat'
D:\CS330 FINAL FINAL PROJECT\CS330Content2025\3DShapes\ShapeMeshes.cpp(785,59): warning C4305: 'initializing': truncation from 'double' to 'GLfloat'
D:\CS330 FINAL FINAL PROJECT\CS330Content2025\3DShapes\ShapeMeshes.cpp(786,59): warning C4305: 'initializing': truncation from 'double' to 'GLfloat'
D:\CS330 FINAL FINAL PROJECT\CS330Content2025\3DShapes\ShapeMeshes.cpp(787,59): warning C4305: 'initializing': truncation from 'double' to 'GLfloat'
D:\CS330 FINAL FINAL PROJECT\CS330Content2025\3DShapes\ShapeMeshes.cpp(788,59): warning C4305: 'initializing': truncation from 'double' to 'GLfloat'
D:\CS330 FINAL FINAL PROJECT\CS330Content2025\3DShapes\ShapeMeshes.cpp(789,59): warning C4305: 'initializing': truncation from 'double' to 'GLfloat'
D:\CS330 FINAL FINAL PROJECT\CS330Content2025\3DShapes\ShapeMeshes.cpp(790,59): warning C4305: 'initializing': truncation from 'double' to 'GLfloat'
D:\CS330 FINAL FINAL PROJECT\CS330Content2025\3DShapes\ShapeMeshes.cpp(791,59): warning C4305: 'initializing': truncation from 'double' to 'GLfloat'
D:\CS330 FINAL FINAL PROJECT\CS330Content2025\3DShapes\ShapeMeshes.cpp(792,58): warning C4305: 'initializing': truncation from 'double' to 'GLfloat'
D:\CS330 FINAL FINAL PROJECT\CS330Content2025\3DShapes\ShapeMeshes.cpp(793,59): warning C4305: 'initializing': truncation from 'double' to 'GLfloat'
D:\CS330 FINAL FINAL PROJECT\CS330Content2025\3DShapes\ShapeMeshes.cpp(794,59): warning C4305: 'initializing': truncation from 'double' to 'GLfloat'
D:\CS330 FINAL FINAL PROJECT\CS330Content2025\3DShapes\ShapeMeshes.cpp(795,58): warning C4305: 'initializing': truncation from 'double' to 'GLfloat'
D:\CS330 FINAL FINAL PROJECT\CS330Content2025\3DShapes\ShapeMeshes.cpp(796,59): warning C4305: 'initializing': truncation from 'double' to 'GLfloat'
D:\CS330 FINAL FINAL PROJECT\CS330Content2025\3DShapes\ShapeMeshes.cpp(797,59): warning C4305: 'initializing': truncation from 'double' to 'GLfloat'
D:\CS330 FINAL FINAL PROJECT\CS330Content2025\3DShapes\ShapeMeshes.cpp(798,59): warning C4305: 'initializing': truncation from 'double' to 'GLfloat'
D:\CS330 FINAL FINAL PROJECT\CS330Content2025\3DShapes\ShapeMeshes.cpp(799,59): warning C4305: 'initializing': truncation from 'double' to 'GLfloat'
D:\CS330 FINAL FINAL PROJECT\CS330Content2025\3DShapes\ShapeMeshes.cpp(800,59): warning C4305: 'initializing': truncation from 'double' to 'GLfloat'
D:\CS330 FINAL FINAL PROJECT\CS330Content2025\3DShapes\ShapeMeshes.cpp(801,59): warning C4305: 'initializing': truncation from 'double' to 'GLfloat'
D:\CS330 FINAL FINAL PROJECT\CS330Content2025\3DShapes\ShapeMeshes.cpp(802,59): warning C4305: 'initializing': truncation from 'double' to 'GLfloat'
D:\CS330 FINAL FINAL PROJECT\CS330Content2025\3DShapes\ShapeMeshes.cpp(803,59): warning C4305: 'initializing': truncation from 'double' to 'GLfloat'
D:\CS330 FINAL FINAL PROJECT\CS330Content2025\3DShapes\ShapeMeshes.cpp(804,58): warning C4305: 'initializing': truncation from 'double' to 'GLfloat'
D:\CS330 FINAL FINAL PROJECT\CS330Content2025\3DShapes\ShapeMeshes.cpp(805,59): warning C4305: 'initializing': truncation from 'double' to 'GLfloat'
D:\CS330 FINAL FINAL PROJECT\CS330Content2025\3DShapes\ShapeMeshes.cpp(806,59): warning C4305: 'initializing': truncation from 'double' to 'GLfloat'
D:\CS330 FINAL FINAL PROJECT\CS330Content2025\3DShapes\ShapeMeshes.cpp(807,59): warning C4305: 'initializing': truncation from 'double' to 'GLfloat'
D:\CS330 FINAL FINAL PROJECT\CS330Content2025\3DShapes\ShapeMeshes.cpp(808,60): warning C4305: 'initializing': truncation from 'double' to 'GLfloat'
D:\CS330 FINAL FINAL PROJECT\CS330Content2025\3DShapes\ShapeMeshes.cpp(809,59): warning C4305: 'initializing': truncation from 'double' to 'GLfloat'
D:\CS330 FINAL FINAL PROJECT\CS330Content2025\3DShapes\ShapeMeshes.cpp(810,61): warning C4305: 'initializing': truncation from 'double' to 'GLfloat'
D:\CS330 FINAL FINAL PROJECT\CS330Content2025\3DShapes\ShapeMeshes.cpp(811,60): warning C4305: 'initializing': truncation from 'double' to 'GLfloat'
D:\CS330 FINAL FINAL PROJECT\CS330Content2025\3DShapes\ShapeMeshes.cpp(812,60): warning C4305: 'initializing': truncation from 'double' to 'GLfloat'
D:\CS330 FINAL FINAL PROJECT\CS330Content2025\3DShapes\ShapeMeshes.cpp(813,61): warning C4305: 'initializing': truncation from 'double' to 'GLfloat'
D:\CS330 FINAL FINAL PROJECT\CS330Content2025\3DShapes\ShapeMeshes.cpp(814,60): warning C4305: 'initializing': truncation from 'double' to 'GLfloat'
D:\CS330 FINAL FINAL PROJECT\CS330Content2025\3DShapes\ShapeMeshes.cpp(815,60): warning C4305: 'initializing': truncation from 'double' to 'GLfloat'
D:\CS330 FINAL FINAL PROJECT\CS330Content2025\3DShapes\ShapeMeshes.cpp(816,60): warning C4305: 'initializing': truncation from 'double' to 'GLfloat'
D:\CS330 FINAL FINAL PROJECT\CS330Content2025\3DShapes\ShapeMeshes.cpp(817,60): warning C4305: 'initializing': truncation from 'double' to 'GLfloat'
D:\CS330 FINAL FINAL PROJECT\CS330Content2025\3DShapes\ShapeMeshes.cpp(818,61): warning C4305: 'initializing': truncation from 'double' to 'GLfloat'
D:\CS330 FINAL FINAL PROJECT\CS330Content2025\3DShapes\ShapeMeshes.cpp(819,60): warning C4305: 'initializing': truncation from 'double' to 'GLfloat'
D:\CS330 FINAL FINAL PROJECT\CS330Content2025\3DShapes\ShapeMeshes.cpp(820,60): warning C4305: 'initializing': truncation from 'double' to 'GLfloat'
D:\CS330 FINAL FINAL PROJECT\CS330Content2025\3DShapes\ShapeMeshes.cpp(821,61): warning C4305: 'initializing': truncation from 'double' to 'GLfloat'
D:\CS330 FINAL FINAL PROJECT\CS330Content2025\3DShapes\ShapeMeshes.cpp(822,61): warning C4305: 'initializing': truncation from 'double' to 'GLfloat'
D:\CS330 FINAL FINAL PROJECT\CS330Content2025\3DShapes\ShapeMeshes.cpp(823,60): warning C4305: 'initializing': truncation from 'double' to 'GLfloat'
D:\CS330 FINAL FINAL PROJECT\CS330Content2025\3DShapes\ShapeMeshes.cpp(824,60): warning C4305: 'initializing': truncation from 'double' to 'GLfloat'
D:\CS330 FINAL FINAL PROJECT\CS330Content2025\3DShapes\ShapeMeshes.cpp(825,61): warning C4305: 'initializing': truncation from 'double' to 'GLfloat'
D:\CS330 FINAL FINAL PROJECT\CS330Content2025\3DShapes\ShapeMeshes.cpp(826,61): warning C4305: 'initializing': truncation from 'double' to 'GLfloat'
D:\CS330 FINAL FINAL PROJECT\CS330Content2025\3DShapes\ShapeMeshes.cpp(827,60): warning C4305: 'initializing': truncation from 'double' to 'GLfloat'
D:\CS330 FINAL FINAL PROJECT\CS330Content2025\3DShapes\ShapeMeshes.cpp(828,60): warning C4305: 'initializing': truncation from 'double' to 'GLfloat'
D:\CS330 FINAL FINAL PROJECT\CS330Content2025\3DShapes\ShapeMeshes.cpp(829,61): warning C4305: 'initializing': truncation from 'double' to 'GLfloat'
D:\CS330 FINAL FINAL PROJECT\CS330Content2025\3DShapes\ShapeMeshes.cpp(830,61): warning C4305: 'initializing': truncation from 'double' to 'GLfloat'
D:\CS330 FINAL FINAL PROJECT\CS330Content2025\3DShapes\ShapeMeshes.cpp(831,60): warning C4305: 'initializing': truncation from 'double' to 'GLfloat'
D:\CS330 FINAL FINAL PROJECT\CS330Content2025\3DShapes\ShapeMeshes.cpp(832,60): warning C4305: 'initializing': truncation from 'double' to 'GLfloat'
D:\CS330 FINAL FINAL PROJECT\CS330Content2025\3DShapes\ShapeMeshes.cpp(833,61): warning C4305: 'initializing': truncation from 'double' to 'GLfloat'
D:\CS330 FINAL FINAL PROJECT\CS330Content2025\3DShapes\ShapeMeshes.cpp(834,60): warning C4305: 'initializing': truncation from 'double' to 'GLfloat'
D:\CS330 FINAL FINAL PROJECT\CS330Content2025\3DShapes\ShapeMeshes.cpp(835,60): warning C4305: 'initializing': truncation from 'double' to 'GLfloat'
D:\CS330 FINAL FINAL PROJECT\CS330Content2025\3DShapes\ShapeMeshes.cpp(836,60): warning C4305: 'initializing': truncation from 'double' to 'GLfloat'
D:\CS330 FINAL FINAL PROJECT\CS330Content2025\3DShapes\ShapeMeshes.cpp(837,60): warning C4305: 'initializing': truncation from 'double' to 'GLfloat'
D:\CS330 FINAL FINAL PROJECT\CS330Content2025\3DShapes\ShapeMeshes.cpp(838,61): warning C4305: 'initializing': truncation from 'double' to 'GLfloat'
D:\CS330 FINAL FINAL PROJECT\CS330Content2025\3DShapes\ShapeMeshes.cpp(839,60): warning C4305: 'initializing': truncation from 'double' to 'GLfloat'
D:\CS330 FINAL FINAL PROJECT\CS330Content2025\3DShapes\ShapeMeshes.cpp(840,59): warning C4305: 'initializing': truncation from 'double' to 'GLfloat'
D:\CS330 FINAL FINAL PROJECT\CS330Content2025\3DShapes\ShapeMeshes.cpp(841,61): warning C4305: 'initializing': truncation from 'double' to 'GLfloat'
D:\CS330 FINAL FINAL PROJECT\CS330Content2025\3DShapes\ShapeMeshes.cpp(842,59): warning C4305: 'initializing': truncation from 'double' to 'GLfloat'
D:\CS330 FINAL FINAL PROJECT\CS330Content2025\3DShapes\ShapeMeshes.cpp(843,59): warning C4305: 'initializing': truncation from 'double' to 'GLfloat'
D:\CS330 FINAL FINAL PROJECT\CS330Content2025\3DShapes\ShapeMeshes.cpp(844,59): warning C4305: 'initializing': truncation from 'double' to 'GLfloat'
D:\CS330 FINAL FINAL PROJECT\CS330Content2025\3DShapes\ShapeMeshes.cpp(845,58): warning C4305: 'initializing': truncation from 'double' to 'GLfloat'
D:\CS330 FINAL FINAL PROJECT\CS330Content2025\3DShapes\ShapeMeshes.cpp(846,59): warning C4305: 'initializing': truncation from 'double' to 'GLfloat'
D:\CS330 FINAL FINAL PROJECT\CS330Content2025\3DShapes\ShapeMeshes.cpp(847,59): warning C4305: 'initializing': truncation from 'double' to 'GLfloat'
D:\CS330 FINAL FINAL PROJECT\CS330Content2025\3DShapes\ShapeMeshes.cpp(848,59): warning C4305: 'initializing': truncation from 'double' to 'GLfloat'
D:\CS330 FINAL FINAL PROJECT\CS330Content2025\3DShapes\ShapeMeshes.cpp(849,59): warning C4305: 'initializing': truncation from 'double' to 'GLfloat'
D:\CS330 FINAL FINAL PROJECT\CS330Content2025\3DShapes\ShapeMeshes.cpp(850,59): warning C4305: 'initializing': truncation from 'double' to 'GLfloat'
D:\CS330 FINAL FINAL PROJECT\CS330Content2025\3DShapes\ShapeMeshes.cpp(851,59): warning C4305: 'initializing': truncation from 'double' to 'GLfloat'
D:\CS330 FINAL FINAL PROJECT\CS330Content2025\3DShapes\ShapeMeshes.cpp(852,58): warning C4305: 'initializing': truncation from 'double' to 'GLfloat'
D:\CS330 FINAL FINAL PROJECT\CS330Content2025\3DShapes\ShapeMeshes.cpp(853,59): warning C4305: 'initializing': truncation from 'double' to 'GLfloat'
D:\CS330 FINAL FINAL PROJECT\CS330Content2025\3DShapes\ShapeMeshes.cpp(854,59): warning C4305: 'initializing': truncation from 'double' to 'GLfloat'
D:\CS330 FINAL FINAL PROJECT\CS330Content2025\3DShapes\ShapeMeshes.cpp(855,58): warning C4305: 'initializing': truncation from 'double' to 'GLfloat'
D:\CS330 FINAL FINAL PROJECT\CS330Content2025\3DShapes\ShapeMeshes.cpp(856,59): warning C4305: 'initializing': truncation from 'double' to 'GLfloat'
D:\CS330 FINAL FINAL PROJECT\CS330Content2025\3DShapes\ShapeMeshes.cpp(857,59): warning C4305: 'initializing': truncation from 'double' to 'GLfloat'
D:\CS330 FINAL FINAL PROJECT\CS330Content2025\3DShapes\ShapeMeshes.cpp(858,59): warning C4305: 'initializing': truncation from 'double' to 'GLfloat'
D:\CS330 FINAL FINAL PROJECT\CS330Content2025\3DShapes\ShapeMeshes.cpp(859,59): warning C4305: 'initializing': truncation from 'double' to 'GLfloat'
D:\CS330 FINAL FINAL PROJECT\CS330Content2025\3DShapes\ShapeMeshes.cpp(860,59): warning C4305: 'initializing': truncation from 'double' to 'GLfloat'
D:\CS330 FINAL FINAL PROJECT\CS330Content2025\3DShapes\ShapeMeshes.cpp(861,59): warning C4305: 'initializing': truncation from 'double' to 'GLfloat'
D:\CS330 FINAL FINAL PROJECT\CS330Content2025\3DShapes\ShapeMeshes.cpp(862,59): warning C4305: 'initializing': truncation from 'double' to 'GLfloat'
D:\CS330 FINAL FINAL PROJECT\CS330Content2025\3DShapes\ShapeMeshes.cpp(863,59): warning C4305: 'initializing': truncation from 'double' to 'GLfloat'
D:\CS330 FINAL FINAL PROJECT\CS330Content2025\3DShapes\ShapeMeshes.cpp(864,58): warning C4305: 'initializing': truncation from 'double' to 'GLfloat'
D:\CS330 FINAL FINAL PROJECT\CS330Content2025\3DShapes\ShapeMeshes.cpp(865,59): warning C4305: 'initializing': truncation from 'double' to 'GLfloat'
D:\CS330 FINAL FINAL PROJECT\CS330Content2025\3DShapes\ShapeMeshes.cpp(866,59): warning C4305: 'initializing': truncation from 'double' to 'GLfloat'
D:\CS330 FINAL FINAL PROJECT\CS330Content2025\3DShapes\ShapeMeshes.cpp(867,58): warning C4305: 'initializing': truncation from 'double' to 'GLfloat'
D:\CS330 FINAL FINAL PROJECT\CS330Content2025\3DShapes\ShapeMeshes.cpp(868,59): warning C4305: 'initializing': truncation from 'double' to 'GLfloat'
D:\CS330 FINAL FINAL PROJECT\CS330Content2025\3DShapes\ShapeMeshes.cpp(869,59): warning C4305: 'initializing': truncation from 'double' to 'GLfloat'
D:\CS330 FINAL FINAL PROJECT\CS330Content2025\3DShapes\ShapeMeshes.cpp(870,59): warning C4305: 'initializing': truncation from 'double' to 'GLfloat'
D:\CS330 FINAL FINAL PROJECT\CS330Content2025\3DShapes\ShapeMeshes.cpp(871,59): warning C4305: 'initializing': truncation from 'double' to 'GLfloat'
D:\CS330 FINAL FINAL PROJECT\CS330Content2025\3DShapes\ShapeMeshes.cpp(872,59): warning C4305: 'initializing': truncation from 'double' to 'GLfloat'
D:\CS330 FINAL FINAL PROJECT\CS330Content2025\3DShapes\ShapeMeshes.cpp(873,59): warning C4305: 'initializing': truncation from 'double' to 'GLfloat'
D:\CS330 FINAL FINAL PROJECT\CS330Content2025\3DShapes\ShapeMeshes.cpp(874,59): warning C4305: 'initializing': truncation from 'double' to 'GLfloat'
D:\CS330 FINAL FINAL PROJECT\CS330Content2025\3DShapes\ShapeMeshes.cpp(875,59): warning C4305: 'initializing': truncation from 'double' to 'GLfloat'
D:\CS330 FINAL FINAL PROJECT\CS330Content2025\3DShapes\ShapeMeshes.cpp(876,57): warning C4305: 'initializing': truncation from 'double' to 'GLfloat'
D:\CS330 FINAL FINAL PROJECT\CS330Content2025\3DShapes\ShapeMeshes.cpp(877,59): warning C4305: 'initializing': truncation from 'double' to 'GLfloat'
D:\CS330 FINAL FINAL PROJECT\CS330Content2025\3DShapes\ShapeMeshes.cpp(878,57): warning C4305: 'initializing': truncation from 'double' to 'GLfloat'
D:\CS330 FINAL FINAL PROJECT\CS330Content2025\3DShapes\ShapeMeshes.cpp(879,57): warning C4305: 'initializing': truncation from 'double' to 'GLfloat'
D:\CS330 FINAL FINAL PROJECT\CS330Content2025\3DShapes\ShapeMeshes.cpp(880,57): warning C4305: 'initializing': truncation from 'double' to 'GLfloat'
D:\CS330 FINAL FINAL PROJECT\CS330Content2025\3DShapes\ShapeMeshes.cpp(881,56): warning C4305: 'initializing': truncation from 'double' to 'GLfloat'
D:\CS330 FINAL FINAL PROJECT\CS330Content2025\3DShapes\ShapeMeshes.cpp(882,58): warning C4305: 'initializing': truncation from 'double' to 'GLfloat'
D:\CS330 FINAL FINAL PROJECT\CS330Content2025\3DShapes\ShapeMeshes.cpp(883,57): warning C4305: 'initializing': truncation from 'double' to 'GLfloat'
D:\CS330 FINAL FINAL PROJECT\CS330Content2025\3DShapes\ShapeMeshes.cpp(884,57): warning C4305: 'initializing': truncation from 'double' to 'GLfloat'
D:\CS330 FINAL FINAL PROJECT\CS330Content2025\3DShapes\ShapeMeshes.cpp(885,58): warning C4305: 'initializing': truncation from 'double' to 'GLfloat'
D:\CS330 FINAL FINAL PROJECT\CS330Content2025\3DShapes\ShapeMeshes.cpp(886,57): warning C4305: 'initializing': truncation from 'double' to 'GLfloat'
D:\CS330 FINAL FINAL PROJECT\CS330Content2025\3DShapes\ShapeMeshes.cpp(887,57): warning C4305: 'initializing': truncation from 'double' to 'GLfloat'
D:\CS330 FINAL FINAL PROJECT\CS330Content2025\3DShapes\ShapeMeshes.cpp(888,56): warning C4305: 'initializing': truncation from 'double' to 'GLfloat'
D:\CS330 FINAL FINAL PROJECT\CS330Content2025\3DShapes\ShapeMeshes.cpp(889,57): warning C4305: 'initializing': truncation from 'double' to 'GLfloat'
D:\CS330 FINAL FINAL PROJECT\CS330Content2025\3DShapes\ShapeMeshes.cpp(890,58): warning C4305: 'initializing': truncation from 'double' to 'GLfloat'
D:\CS330 FINAL FINAL PROJECT\CS330Content2025\3DShapes\ShapeMeshes.cpp(891,56): warning C4305: 'initializing': truncation from 'double' to 'GLfloat'
D:\CS330 FINAL FINAL PROJECT\CS330Content2025\3DShapes\ShapeMeshes.cpp(892,57): warning C4305: 'initializing': truncation from 'double' to 'GLfloat'
D:\CS330 FINAL FINAL PROJECT\CS330Content2025\3DShapes\ShapeMeshes.cpp(893,58): warning C4305: 'initializing': truncation from 'double' to 'GLfloat'
D:\CS330 FINAL FINAL PROJECT\CS330Content2025\3DShapes\ShapeMeshes.cpp(894,58): warning C4305: 'initializing': truncation from 'double' to 'GLfloat'
D:\CS330 FINAL FINAL PROJECT\CS330Content2025\3DShapes\ShapeMeshes.cpp(895,57): warning C4305: 'initializing': truncation from 'double' to 'GLfloat'
D:\CS330 FINAL FINAL PROJECT\CS330Content2025\3DShapes\ShapeMeshes.cpp(896,57): warning C4305: 'initializing': truncation from 'double' to 'GLfloat'
D:\CS330 FINAL FINAL PROJECT\CS330Content2025\3DShapes\ShapeMeshes.cpp(897,58): warning C4305: 'initializing': truncation from 'double' to 'GLfloat'
D:\CS330 FINAL FINAL PROJECT\CS330Content2025\3DShapes\ShapeMeshes.cpp(898,58): warning C4305: 'initializing': truncation from 'double' to 'GLfloat'
D:\CS330 FINAL FINAL PROJECT\CS330Content2025\3DShapes\ShapeMeshes.cpp(899,57): warning C4305: 'initializing': truncation from 'double' to 'GLfloat'
D:\CS330 FINAL FINAL PROJECT\CS330Content2025\3DShapes\ShapeMeshes.cpp(900,56): warning C4305: 'initializing': truncation from 'double' to 'GLfloat'
D:\CS330 FINAL FINAL PROJECT\CS330Content2025\3DShapes\ShapeMeshes.cpp(901,58): warning C4305: 'initializing': truncation from 'double' to 'GLfloat'
D:\CS330 FINAL FINAL PROJECT\CS330Content2025\3DShapes\ShapeMeshes.cpp(902,58): warning C4305: 'initializing': truncation from 'double' to 'GLfloat'
D:\CS330 FINAL FINAL PROJECT\CS330Content2025\3DShapes\ShapeMeshes.cpp(903,56): warning C4305: 'initializing': truncation from 'double' to 'GLfloat'
D:\CS330 FINAL FINAL PROJECT\CS330Content2025\3DShapes\ShapeMeshes.cpp(904,57): warning C4305: 'initializing': truncation from 'double' to 'GLfloat'
D:\CS330 FINAL FINAL PROJECT\CS330Content2025\3DShapes\ShapeMeshes.cpp(905,58): warning C4305: 'initializing': truncation from 'double' to 'GLfloat'
D:\CS330 FINAL FINAL PROJECT\CS330Content2025\3DShapes\ShapeMeshes.cpp(906,57): warning C4305: 'initializing': truncation from 'double' to 'GLfloat'
D:\CS330 FINAL FINAL PROJECT\CS330Content2025\3DShapes\ShapeMeshes.cpp(907,57): warning C4305: 'initializing': truncation from 'double' to 'GLfloat'
D:\CS330 FINAL FINAL PROJECT\CS330Content2025\3DShapes\ShapeMeshes.cpp(908,57): warning C4305: 'initializing': truncation from 'double' to 'GLfloat'
D:\CS330 FINAL FINAL PROJECT\CS330Content2025\3DShapes\ShapeMeshes.cpp(909,57): warning C4305: 'initializing': truncation from 'double' to 'GLfloat'
D:\CS330 FINAL FINAL PROJECT\CS330Content2025\3DShapes\ShapeMeshes.cpp(910,58): warning C4305: 'initializing': truncation from 'double' to 'GLfloat'
D:\CS330 FINAL FINAL PROJECT\CS330Content2025\3DShapes\ShapeMeshes.cpp(911,57): warning C4305: 'initializing': truncation from 'double' to 'GLfloat'
D:\CS330 FINAL FINAL PROJECT\CS330Content2025\3DShapes\ShapeMeshes.cpp(913,58): warning C4305: 'initializing': truncation from 'double' to 'GLfloat'
D:\CS330 FINAL FINAL PROJECT\CS330Content2025\3DShapes\ShapeMeshes.cpp(954,24): warning C4244: 'initializing': conversion from 'double' to 'float', possible loss of data
D:\CS330 FINAL FINAL PROJECT\CS330Content2025\3DShapes\ShapeMeshes.cpp(955,24): warning C4244: 'initializing': conversion from 'double' to 'float', possible loss of data
D:\CS330 FINAL FINAL PROJECT\CS330Content2025\3DShapes\ShapeMeshes.cpp(1122,23): warning C4244: 'initializing': conversion from 'double' to 'float', possible loss of data
D:\CS330 FINAL FINAL PROJECT\CS330Content2025\3DShapes\ShapeMeshes.cpp(1123,21): warning C4244: 'initializing': conversion from 'double' to 'float', possible loss of data
D:\CS330 FINAL FINAL PROJECT\CS330Content2025\3DShapes\ShapeMeshes.cpp(1213,20): warning C4018: '<': signed/unsigned mismatch
D:\CS330 FINAL FINAL PROJECT\CS330Content2025\3DShapes\ShapeMeshes.cpp(1316,23): warning C4244: 'initializing': conversion from 'double' to 'float', possible loss of data
D:\CS330 FINAL FINAL PROJECT\CS330Content2025\3DShapes\ShapeMeshes.cpp(1317,21): warning C4244: 'initializing': conversion from 'double' to 'float', possible loss of data
D:\CS330 FINAL FINAL PROJECT\CS330Content2025\3DShapes\ShapeMeshes.cpp(1407,20): warning C4018: '<': signed/unsigned mismatch
  ShaderManager.cpp
  MainCode.cpp
  SceneManager.cpp
  ViewManager.cpp
D:\CS330 FINAL FINAL PROJECT\CS330Content2025\Projects\7-1_FinalProjectMilestones\Source\ViewManager.cpp(157,12): warning C4244: '=': conversion from 'double' to 'float', possible loss of data
D:\CS330 FINAL FINAL PROJECT\CS330Content2025\Projects\7-1_FinalProjectMilestones\Source\ViewManager.cpp(158,12): warning C4244: '=': conversion from 'double' to 'float', possible loss of data
D:\CS330 FINAL FINAL PROJECT\CS330Content2025\Projects\7-1_FinalProjectMilestones\Source\ViewManager.cpp(163,16): warning C4244: 'initializing': conversion from 'double' to 'float', possible loss of data
D:\CS330 FINAL FINAL PROJECT\CS330Content2025\Projects\7-1_FinalProjectMilestones\Source\ViewManager.cpp(164,16): warning C4244: 'initializing': conversion from 'double' to 'float', possible loss of data
D:\CS330 FINAL FINAL PROJECT\CS330Content2025\Projects\7-1_FinalProjectMilestones\Source\ViewManager.cpp(167,11): warning C4244: '=': conversion from 'double' to 'float', possible loss of data
D:\CS330 FINAL FINAL PROJECT\CS330Content2025\Projects\7-1_FinalProjectMilestones\Source\ViewManager.cpp(168,11): warning C4244: '=': conversion from 'double' to 'float', possible loss of data
D:\CS330 FINAL FINAL PROJECT\CS330Content2025\Projects\7-1_FinalProjectMilestones\Source\ViewManager.cpp(243,21): warning C4244: 'initializing': conversion from 'double' to 'float', possible loss of data
  Generating Code...
  7-1_FinalProjectMilestones.vcxproj -> D:\CS330 FINAL FINAL PROJECT\CS330Content2025\Projects\7-1_FinalProjectMilestones\Debug\7-1_FinalProjectMilestones.exe
  Copy EXE to Solution Folder
          1 file(s) copied.
